Damping: BJ
Metric: RMSE
     Benchmark HF INTERACTION ENERGY         d3      diff
0       -3.141               15.5782 -17.453326 -1.265873
1       -5.741              8.230423 -12.866121 -1.105302
2        -5.47              4.923971  -9.329955 -1.064016
3       -4.733              5.458677  -8.949341 -1.242336
4       -4.331              5.462342  -8.437784 -1.355558
...        ...                   ...        ...       ...
3368     -0.64              1.243527  -2.019494  0.135967
3369    -0.835              0.986532  -1.836170  0.014638
3370    -1.017              0.844045  -2.013545  0.152499
3371    -0.834              2.443022  -3.713836  0.436814
3372    -1.076              2.297852  -3.463442  0.089590

[8299 rows x 4 columns]
[0.9171 0.3385 2.883 ] 0.9021862916830182 0.3120224022500527 19.302260913784846
     Benchmark HF INTERACTION ENERGY         d3      diff
0       -3.141               15.5782 -17.453326 -1.265873
1       -5.741              8.230423 -12.866121 -1.105302
2        -5.47              4.923971  -9.329955 -1.064016
3       -4.733              5.458677  -8.949341 -1.242336
4       -4.331              5.462342  -8.437784 -1.355558
...        ...                   ...        ...       ...
3368     -0.64              1.243527  -2.019494  0.135967
3369    -0.835              0.986532  -1.836170  0.014638
3370    -1.017              0.844045  -2.013545  0.152499
3371    -0.834              2.443022  -3.713836  0.436814
3372    -1.076              2.297852  -3.463442  0.089590

[8299 rows x 4 columns]
[0.9171 0.3385 2.883 ] 0.9021862916830182 0.3120224022500527 19.302260913784846
     Benchmark HF INTERACTION ENERGY         d3      diff
0       -3.141               15.5782 -24.240707  5.521507
1       -5.741              8.230423 -17.478773  3.507350
2        -5.47              4.923971 -12.400981  2.007010
3       -4.733              5.458677 -11.878158  1.686481
4       -4.331              5.462342 -11.177948  1.384606
...        ...                   ...        ...       ...
3368     -0.64              1.243527  -2.657010  0.773483
3369    -0.835              0.986532  -2.436861  0.615328
3370    -1.017              0.844045  -2.640481  0.779435
3371    -0.834              2.443022  -5.026314  1.749292
3372    -1.076              2.297852  -4.654042  1.280190

[8299 rows x 4 columns]
[1.9171 0.3385 2.883 ] 1.9092644777607064 1.0068061074113495 67.70140662224327
     Benchmark HF INTERACTION ENERGY         d3      diff
0       -3.141               15.5782 -15.986126 -2.733074
1       -5.741              8.230423 -11.869023 -2.102400
2        -5.47              4.923971  -8.666104 -1.727867
3       -4.733              5.458677  -8.316230 -1.875447
4       -4.331              5.462342  -7.845454 -1.947889
...        ...                   ...        ...       ...
3368     -0.64              1.243527  -1.881685 -0.001842
3369    -0.835              0.986532  -1.706321 -0.115211
3370    -1.017              0.844045  -1.878022  0.016977
3371    -0.834              2.443022  -3.430122  0.153101
3372    -1.076              2.297852  -3.206075 -0.167777

[8299 rows x 4 columns]
[-0.700934  0.3385    2.883   ] 1.0619507148725646 0.3459441331684774 18.372919890066335
     Benchmark HF INTERACTION ENERGY         d3      diff
0       -3.141               15.5782 -17.453326 -1.265873
1       -5.741              8.230423 -12.866121 -1.105302
2        -5.47              4.923971  -9.329955 -1.064016
3       -4.733              5.458677  -8.949341 -1.242336
4       -4.331              5.462342  -8.437784 -1.355558
...        ...                   ...        ...       ...
3368     -0.64              1.243527  -2.019494  0.135967
3369    -0.835              0.986532  -1.836170  0.014638
3370    -1.017              0.844045  -2.013545  0.152499
3371    -0.834              2.443022  -3.713836  0.436814
3372    -1.076              2.297852  -3.463442  0.089590

[8299 rows x 4 columns]
[0.9171 0.3385 2.883 ] 0.9021862916830182 0.3120224022500527 19.302260913784846
     Benchmark HF INTERACTION ENERGY         d3      diff
0       -3.141               15.5782 -13.258495 -5.460705
1       -5.741              8.230423 -10.015346 -3.956077
2        -5.47              4.923971  -7.431957 -2.962014
3       -4.733              5.458677  -7.139232 -3.052445
4       -4.331              5.462342  -6.744269 -3.049073
...        ...                   ...        ...       ...
3368     -0.64              1.243527  -1.625488 -0.258039
3369    -0.835              0.986532  -1.464922 -0.356610
3370    -1.017              0.844045  -1.626077 -0.234968
3371    -0.834              2.443022  -2.902680 -0.374342
3372    -1.076              2.297852  -2.727612 -0.646241

[8299 rows x 4 columns]
[0.29906603 0.3385     2.883     ] 1.6080422396789522 0.6077710669628421 37.00359859092915
     Benchmark HF INTERACTION ENERGY         d3      diff
0       -3.141               15.5782 -20.045875  1.326675
1       -5.741              8.230423 -14.627997  0.656574
2        -5.47              4.923971 -10.502982  0.109011
3       -4.733              5.458677 -10.068050 -0.123628
4       -4.331              5.462342  -9.484433 -0.308909
...        ...                   ...        ...       ...
3368     -0.64              1.243527  -2.263004  0.379477
3369    -0.835              0.986532  -2.065613  0.244081
3370    -1.017              0.844045  -2.253013  0.391967
3371    -0.834              2.443022  -4.215158  0.938136
3372    -1.076              2.297852  -3.918211  0.544359

[8299 rows x 4 columns]
[1.299066 0.3385   2.883   ] 1.0315289446909335 0.49944985854899676 34.258669687903215
     Benchmark HF INTERACTION ENERGY         d3      diff
0       -3.141               15.5782 -17.973505 -0.745695
1       -5.741              8.230423 -13.219630 -0.751793
2        -5.47              4.923971  -9.565315 -0.828656
3       -4.733              5.458677  -9.173803 -1.017875
4       -4.331              5.462342  -8.647787 -1.145555
...        ...                   ...        ...       ...
3368     -0.64              1.243527  -2.068353  0.184826
3369    -0.835              0.986532  -1.882206  0.060674
3370    -1.017              0.844045  -2.061592  0.200547
3371    -0.834              2.443022  -3.814423  0.537401
3372    -1.076              2.297852  -3.554689  0.180837

[8299 rows x 4 columns]
[0.99373899 0.3385     2.883     ] 0.8841465274614873 0.32902483529053445 21.415100470356936
     Benchmark HF INTERACTION ENERGY         d3      diff
0       -3.141               15.5782 -18.138328 -0.580872
1       -5.741              8.230423 -13.331643 -0.639780
2        -5.47              4.923971  -9.639892 -0.754079
3       -4.733              5.458677  -9.244925 -0.946752
4       -4.331              5.462342  -8.714329 -1.079013
...        ...                   ...        ...       ...
3368     -0.64              1.243527  -2.083834  0.200307
3369    -0.835              0.986532  -1.896793  0.075261
3370    -1.017              0.844045  -2.076817  0.215771
3371    -0.834              2.443022  -3.846295  0.569273
3372    -1.076              2.297852  -3.583601  0.209749

[8299 rows x 4 columns]
[1.01802277 0.3385     2.883     ] 0.8832526779663794 0.33729138781746193 22.22132977231152
     Benchmark HF INTERACTION ENERGY         d3      diff
0       -3.141               15.5782 -18.119402 -0.599798
1       -5.741              8.230423 -13.318781 -0.652642
2        -5.47              4.923971  -9.631329 -0.762643
3       -4.733              5.458677  -9.236759 -0.954919
4       -4.331              5.462342  -8.706688 -1.086654
...        ...                   ...        ...       ...
3368     -0.64              1.243527  -2.082057  0.198530
3369    -0.835              0.986532  -1.895118  0.073586
3370    -1.017              0.844045  -2.075069  0.214023
3371    -0.834              2.443022  -3.842635  0.565613
3372    -1.076              2.297852  -3.580281  0.206429

[8299 rows x 4 columns]
[1.01523444 0.3385     2.883     ] 0.883235873917238 0.33627782233372394 22.12611635292758
     Benchmark HF INTERACTION ENERGY         d3      diff
0       -3.141               15.5782 -18.112742 -0.606458
1       -5.741              8.230423 -13.314255 -0.657168
2        -5.47              4.923971  -9.628315 -0.765656
3       -4.733              5.458677  -9.233885 -0.957793
4       -4.331              5.462342  -8.703999 -1.089343
...        ...                   ...        ...       ...
3368     -0.64              1.243527  -2.081431  0.197904
3369    -0.835              0.986532  -1.894529  0.072996
3370    -1.017              0.844045  -2.074453  0.213408
3371    -0.834              2.443022  -3.841347  0.564325
3372    -1.076              2.297852  -3.579113  0.205261

[8299 rows x 4 columns]
[1.0142531 0.3385    2.883    ] 0.8832373349463053 0.335924989658488 22.092724782759827
     Benchmark HF INTERACTION ENERGY         d3      diff
0       -3.141               15.5782 -18.126063 -0.593137
1       -5.741              8.230423 -13.323308 -0.648115
2        -5.47              4.923971  -9.634342 -0.759629
3       -4.733              5.458677  -9.239633 -0.952044
4       -4.331              5.462342  -8.709377 -1.083965
...        ...                   ...        ...       ...
3368     -0.64              1.243527  -2.082682  0.199155
3369    -0.835              0.986532  -1.895708  0.074175
3370    -1.017              0.844045  -2.075684  0.214639
3371    -0.834              2.443022  -3.843923  0.566901
3372    -1.076              2.297852  -3.581450  0.207597

[8299 rows x 4 columns]
[1.01621578 0.3385     2.883     ] 0.883238252805388 0.3366326834998754 22.159541183288958
     Benchmark HF INTERACTION ENERGY         d3      diff
0       -3.141               15.5782 -18.119402 -0.599798
1       -5.741              8.230423 -13.318781 -0.652642
2        -5.47              4.923971  -9.631329 -0.762643
3       -4.733              5.458677  -9.236759 -0.954919
4       -4.331              5.462342  -8.706688 -1.086654
...        ...                   ...        ...       ...
3368     -0.64              1.243527  -2.082057  0.198530
3369    -0.835              0.986532  -1.895118  0.073586
3370    -1.017              0.844045  -2.075069  0.214023
3371    -0.834              2.443022  -3.842635  0.565613
3372    -1.076              2.297852  -3.580281  0.206429

[8299 rows x 4 columns]
[1.01523444 0.3385     2.883     ] 0.883235873917238 0.33627782233372394 22.12611635292758
     Benchmark HF INTERACTION ENERGY        d3       diff
0       -3.141               15.5782 -2.134422 -16.584778
1       -5.741              8.230423 -2.022420 -11.949003
2        -5.47              4.923971 -1.878168  -8.515803
3       -4.733              5.458677 -1.837426  -8.354252
4       -4.331              5.462342 -1.778620  -8.014723
...        ...                   ...       ...        ...
3368     -0.64              1.243527 -0.471415  -1.412112
3369    -0.835              0.986532 -0.366662  -1.454870
3370    -1.017              0.844045 -0.438094  -1.422952
3371    -0.834              2.443022 -0.575361  -2.701661
3372    -1.076              2.297852 -0.607590  -2.766262

[8299 rows x 4 columns]
[1.01523444 1.3385     2.883     ] 4.231616062380263 2.039155149491509 134.48858984670983
     Benchmark HF INTERACTION ENERGY        d3       diff
0       -3.141               15.5782 -2.475266 -16.243934
1       -5.741              8.230423 -2.331570 -11.639853
2        -5.47              4.923971 -2.149402  -8.244569
3       -4.733              5.458677 -2.100366  -8.091312
4       -4.331              5.462342 -2.029719  -7.763623
...        ...                   ...       ...        ...
3368     -0.64              1.243527 -0.526012  -1.357515
3369    -0.835              0.986532 -0.410204  -1.411328
3370    -1.017              0.844045 -0.489968  -1.371077
3371    -0.834              2.443022 -0.651562  -2.625460
3372    -1.076              2.297852 -0.685764  -2.688088

[8299 rows x 4 columns]
[ 1.01523444 -1.279534    2.883     ] 4.164827307470218 1.992025360850424 130.93682418283808
     Benchmark HF INTERACTION ENERGY         d3      diff
0       -3.141               15.5782 -18.119402 -0.599798
1       -5.741              8.230423 -13.318781 -0.652642
2        -5.47              4.923971  -9.631329 -0.762643
3       -4.733              5.458677  -9.236759 -0.954919
4       -4.331              5.462342  -8.706688 -1.086654
...        ...                   ...        ...       ...
3368     -0.64              1.243527  -2.082057  0.198530
3369    -0.835              0.986532  -1.895118  0.073586
3370    -1.017              0.844045  -2.075069  0.214023
3371    -0.834              2.443022  -3.842635  0.565613
3372    -1.076              2.297852  -3.580281  0.206429

[8299 rows x 4 columns]
[1.01523444 0.3385     2.883     ] 0.883235873917238 0.33627782233372394 22.12611635292758
     Benchmark HF INTERACTION ENERGY         d3      diff
0       -3.141               15.5782 -18.710188 -0.009012
1       -5.741              8.230423 -13.610694 -0.360729
2        -5.47              4.923971  -9.770619 -0.623352
3       -4.733              5.458677  -9.367936 -0.823741
4       -4.331              5.462342  -8.827597 -0.965746
...        ...                   ...        ...       ...
3368     -0.64              1.243527  -2.189083  0.305556
3369    -0.835              0.986532  -1.963429  0.141897
3370    -1.017              0.844045  -2.143310  0.282265
3371    -0.834              2.443022  -4.058055  0.781033
3372    -1.076              2.297852  -3.717218  0.343365

[8299 rows x 4 columns]
[ 1.01523444 -0.27953397  2.883     ] 0.9648183266285448 0.4487994101319013 29.508602240281927
     Benchmark HF INTERACTION ENERGY         d3      diff
0       -3.141               15.5782 -10.105006 -8.614194
1       -5.741              8.230423  -8.461335 -5.510088
2        -5.47              4.923971  -6.829820 -3.564151
3       -4.733              5.458677  -6.584184 -3.607494
4       -4.331              5.462342  -6.246481 -3.546861
...        ...                   ...        ...       ...
3368     -0.64              1.243527  -1.344549 -0.538978
3369    -0.835              0.986532  -1.182208 -0.639324
3370    -1.017              0.844045  -1.366083 -0.494962
3371    -0.834              2.443022  -2.133722 -1.143300
3372    -1.076              2.297852  -2.156484 -1.217368

[8299 rows x 4 columns]
[1.01523444 0.720466   2.883     ] 2.775151302219558 1.0908248892228476 67.35885591469646
     Benchmark HF INTERACTION ENERGY         d3      diff
0       -3.141               15.5782 -18.104492 -0.614708
1       -5.741              8.230423 -13.113201 -0.858221
2        -5.47              4.923971  -9.368081 -1.025890
3       -4.733              5.458677  -8.970052 -1.221626
4       -4.331              5.462342  -8.447992 -1.345350
...        ...                   ...        ...       ...
3368     -0.64              1.243527  -2.496980  0.613453
3369    -0.835              0.986532  -2.104421  0.282889
3370    -1.017              0.844045  -2.290077  0.429032
3371    -0.834              2.443022  -4.579605  1.302584
3372    -1.076              2.297852  -3.986863  0.613011

[8299 rows x 4 columns]
[1.01523444 0.04246242 2.883     ] 3.2675731020774785 1.0270856958000367 59.15208864071791
     Benchmark HF INTERACTION ENERGY         d3      diff
0       -3.141               15.5782 -15.644957 -3.074243
1       -5.741              8.230423 -11.986119 -1.985304
2        -5.47              4.923971  -8.938065 -1.455906
3       -4.733              5.458677  -8.580768 -1.610909
4       -4.331              5.462342  -8.099594 -1.693748
...        ...                   ...        ...       ...
3368     -0.64              1.243527  -1.800455 -0.083072
3369    -0.835              0.986532  -1.663578 -0.157954
3370    -1.017              0.844045  -1.848250 -0.012796
3371    -0.834              2.443022  -3.208222 -0.068800
3372    -1.076              2.297852  -3.113416 -0.260436

[8299 rows x 4 columns]
[1.01523444 0.48439803 2.883     ] 1.5433342472305218 0.44686031122173275 24.226349379603953
     Benchmark HF INTERACTION ENERGY         d3      diff
0       -3.141               15.5782 -19.031071  0.311871
1       -5.741              8.230423 -13.756122 -0.215301
2        -5.47              4.923971  -9.830689 -0.563282
3       -4.733              5.458677  -9.423550 -0.768127
4       -4.331              5.462342  -8.878195 -0.915147
...        ...                   ...        ...       ...
3368     -0.64              1.243527  -2.279659  0.396132
3369    -0.835              0.986532  -2.013246  0.191714
3370    -1.017              0.844045  -2.193899  0.332854
3371    -0.834              2.443022  -4.226826  0.949804
3372    -1.076              2.297852  -3.816040  0.442187

[8299 rows x 4 columns]
[1.01523444 0.22542371 2.883     ] 1.2728778371652076 0.578418046704705 37.15421292509414
     Benchmark HF INTERACTION ENERGY         d3      diff
0       -3.141               15.5782 -17.335029 -1.384171
1       -5.741              8.230423 -12.912645 -1.058777
2        -5.47              4.923971  -9.427043 -0.966928
3       -4.733              5.458677  -9.043613 -1.148065
4       -4.331              5.462342  -8.528109 -1.265233
...        ...                   ...        ...       ...
3368     -0.64              1.243527  -1.976107  0.092580
3369    -0.835              0.986532  -1.816755 -0.004777
3370    -1.017              0.844045  -1.997829  0.136784
3371    -0.834              2.443022  -3.613697  0.336675
3372    -1.076              2.297852  -3.422341  0.048489

[8299 rows x 4 columns]
[1.01523444 0.39422809 2.883     ] 1.0538055117088079 0.30362692006432074 18.22728189388339
     Benchmark HF INTERACTION ENERGY         d3      diff
0       -3.141               15.5782 -18.576581 -0.142619
1       -5.741              8.230423 -13.546262 -0.425161
2        -5.47              4.923971  -9.740897 -0.653075
3       -4.733              5.458677  -9.340039 -0.851638
4       -4.331              5.462342  -8.801949 -0.991393
...        ...                   ...        ...       ...
3368     -0.64              1.243527  -2.161151  0.277624
3369    -0.835              0.986532  -1.946620  0.125088
3370    -1.017              0.844045  -2.126414  0.265369
3371    -0.834              2.443022  -4.003476  0.726454
3372    -1.076              2.297852  -3.683632  0.309780

[8299 rows x 4 columns]
[1.01523444 0.2953087  2.883     ] 0.9132842057284762 0.4142540938111105 27.350172301078796
     Benchmark HF INTERACTION ENERGY         d3      diff
0       -3.141               15.5782 -17.845268 -0.873932
1       -5.741              8.230423 -13.178779 -0.792644
2        -5.47              4.923971  -9.561840 -0.832131
3       -4.733              5.458677  -9.171104 -1.020574
4       -4.331              5.462342  -8.646020 -1.147322
...        ...                   ...        ...       ...
3368     -0.64              1.243527  -2.041987  0.158460
3369    -0.835              0.986532  -1.866759  0.045227
3370    -1.017              0.844045  -2.047015  0.185969
3371    -0.834              2.443022  -3.757760  0.480739
3372    -1.076              2.297852  -3.523183  0.149331

[8299 rows x 4 columns]
[1.01523444 0.35978623 2.883     ] 0.9258796594915576 0.31230044946568747 20.155761636136567
     Benchmark HF INTERACTION ENERGY         d3      diff
0       -3.141               15.5782 -18.274233 -0.444967
1       -5.741              8.230423 -13.396779 -0.574644
2        -5.47              4.923971  -9.669471 -0.724500
3       -4.733              5.458677  -9.272760 -0.918918
4       -4.331              5.462342  -8.739927 -1.053415
...        ...                   ...        ...       ...
3368     -0.64              1.243527  -2.106740  0.223213
3369    -0.835              0.986532  -1.911822  0.090289
3370    -1.017              0.844045  -2.091659  0.230614
3371    -0.834              2.443022  -3.893806  0.616784
3372    -1.076              2.297852  -3.613859  0.240007

[8299 rows x 4 columns]
[1.01523444 0.32521416 2.883     ] 0.8749050079956484 0.3568436272060417 23.59662903479714
     Benchmark HF INTERACTION ENERGY         d3      diff
0       -3.141               15.5782 -18.279206 -0.439994
1       -5.741              8.230423 -13.399270 -0.572153
2        -5.47              4.923971  -9.670681 -0.723290
3       -4.733              5.458677  -9.273901 -0.917777
4       -4.331              5.462342  -8.740980 -1.052362
...        ...                   ...        ...       ...
3368     -0.64              1.243527  -2.107562  0.224035
3369    -0.835              0.986532  -1.912368  0.090836
3370    -1.017              0.844045  -2.092203  0.231158
3371    -0.834              2.443022  -3.895496  0.618475
3372    -1.076              2.297852  -3.614957  0.241105

[8299 rows x 4 columns]
[1.01523444 0.32476876 2.883     ] 0.8748900974391931 0.3575951658027406 23.647920555349277
     Benchmark HF INTERACTION ENERGY         d3      diff
0       -3.141               15.5782 -18.281039 -0.438161
1       -5.741              8.230423 -13.400188 -0.571235
2        -5.47              4.923971  -9.671126 -0.722845
3       -4.733              5.458677  -9.274321 -0.917356
4       -4.331              5.462342  -8.741369 -1.051974
...        ...                   ...        ...       ...
3368     -0.64              1.243527  -2.107866  0.224339
3369    -0.835              0.986532  -1.912570  0.091038
3370    -1.017              0.844045  -2.092404  0.231359
3371    -0.834              2.443022  -3.896120  0.619098
3372    -1.076              2.297852  -3.615362  0.241510

[8299 rows x 4 columns]
[1.01523444 0.32460424 2.883     ] 0.8748890197584546 0.3578737045863768 23.66688599358529
     Benchmark HF INTERACTION ENERGY         d3      diff
0       -3.141               15.5782 -18.282586 -0.436614
1       -5.741              8.230423 -13.400962 -0.570461
2        -5.47              4.923971  -9.671502 -0.722469
3       -4.733              5.458677  -9.274676 -0.917001
4       -4.331              5.462342  -8.741696 -1.051646
...        ...                   ...        ...       ...
3368     -0.64              1.243527  -2.108123  0.224595
3369    -0.835              0.986532  -1.912740  0.091208
3370    -1.017              0.844045  -2.092573  0.231528
3371    -0.834              2.443022  -3.896647  0.619625
3372    -1.076              2.297852  -3.615704  0.241852

[8299 rows x 4 columns]
[1.01523444 0.32446529 2.883     ] 0.874889972864014 0.3581093616298559 23.682924435442445
     Benchmark HF INTERACTION ENERGY         d3      diff
0       -3.141               15.5782 -18.281039 -0.438161
1       -5.741              8.230423 -13.400188 -0.571235
2        -5.47              4.923971  -9.671126 -0.722845
3       -4.733              5.458677  -9.274321 -0.917356
4       -4.331              5.462342  -8.741369 -1.051974
...        ...                   ...        ...       ...
3368     -0.64              1.243527  -2.107866  0.224339
3369    -0.835              0.986532  -1.912570  0.091038
3370    -1.017              0.844045  -2.092404  0.231359
3371    -0.834              2.443022  -3.896120  0.619098
3372    -1.076              2.297852  -3.615362  0.241510

[8299 rows x 4 columns]
[1.01523444 0.32460424 2.883     ] 0.8748890197584546 0.3578737045863768 23.66688599358529
     Benchmark HF INTERACTION ENERGY         d3      diff
0       -3.141               15.5782 -14.738013 -3.981187
1       -5.741              8.230423 -11.465083 -2.506340
2        -5.47              4.923971  -8.650923 -1.743048
3       -4.733              5.458677  -8.306627 -1.885050
4       -4.331              5.462342  -7.842294 -1.951048
...        ...                   ...        ...       ...
3368     -0.64              1.243527  -1.617994 -0.265533
3369    -0.835              0.986532  -1.493670 -0.327862
3370    -1.017              0.844045  -1.667980 -0.193066
3371    -0.834              2.443022  -2.783567 -0.493455
3372    -1.076              2.297852  -2.815620 -0.558232

[8299 rows x 4 columns]
[1.01523444 0.32460424 3.883     ] 1.891640811478711 0.6179923516759346 37.653505437444615
     Benchmark HF INTERACTION ENERGY         d3      diff
0       -3.141               15.5782 -17.315348 -1.403852
1       -5.741              8.230423 -12.629061 -1.342362
2        -5.47              4.923971  -9.052556 -1.341415
3       -4.733              5.458677  -8.660671 -1.531006
4       -4.331              5.462342  -8.152728 -1.640614
...        ...                   ...        ...       ...
3368     -0.64              1.243527  -2.577629  0.694102
3369    -0.835              0.986532  -2.122226  0.300694
3370    -1.017              0.844045  -2.313117  0.452072
3371    -0.834              2.443022  -4.683330  1.406308
3372    -1.076              2.297852  -4.013302  0.639450

[8299 rows x 4 columns]
[1.01523444 0.32460424 1.264966  ] 6.784061986048507 1.325185391787312 71.36565870134864
     Benchmark HF INTERACTION ENERGY         d3      diff
0       -3.141               15.5782 -18.281039 -0.438161
1       -5.741              8.230423 -13.400188 -0.571235
2        -5.47              4.923971  -9.671126 -0.722845
3       -4.733              5.458677  -9.274321 -0.917356
4       -4.331              5.462342  -8.741369 -1.051974
...        ...                   ...        ...       ...
3368     -0.64              1.243527  -2.107866  0.224339
3369    -0.835              0.986532  -1.912570  0.091038
3370    -1.017              0.844045  -2.092404  0.231359
3371    -0.834              2.443022  -3.896120  0.619098
3372    -1.076              2.297852  -3.615362  0.241510

[8299 rows x 4 columns]
[1.01523444 0.32460424 2.883     ] 0.8748890197584546 0.3578737045863768 23.66688599358529
     Benchmark HF INTERACTION ENERGY         d3      diff
0       -3.141               15.5782 -19.113740  0.394540
1       -5.741              8.230423 -13.788512 -0.182911
2        -5.47              4.923971  -9.839839 -0.554132
3       -4.733              5.458677  -9.431665 -0.760012
4       -4.331              5.462342  -8.885516 -0.907826
...        ...                   ...        ...       ...
3368     -0.64              1.243527  -2.384749  0.501222
3369    -0.835              0.986532  -2.055534  0.234001
3370    -1.017              0.844045  -2.241291  0.380246
3371    -0.834              2.443022  -4.394284  1.117262
3372    -1.076              2.297852  -3.889366  0.515514

[8299 rows x 4 columns]
[1.01523444 0.32460424 2.26496603] 1.7465257303575077 0.7246687566197516 45.200061119129806
     Benchmark HF INTERACTION ENERGY         d3      diff
0       -3.141               15.5782 -17.223708 -1.495492
1       -5.741              8.230423 -12.853678 -1.117745
2        -5.47              4.923971  -9.396226 -0.997745
3       -4.733              5.458677  -9.013875 -1.177803
4       -4.331              5.462342  -8.499745 -1.293597
...        ...                   ...        ...       ...
3368     -0.64              1.243527  -1.915482  0.031955
3369    -0.835              0.986532  -1.775136 -0.046396
3370    -1.017              0.844045  -1.952229  0.091184
3371    -0.834              2.443022  -3.486482  0.209460
3372    -1.076              2.297852  -3.353400 -0.020452

[8299 rows x 4 columns]
[1.01523444 0.32460424 3.264966  ] 1.1351089522031161 0.3079619809236243 17.482569156286253
     Benchmark HF INTERACTION ENERGY         d3      diff
0       -3.141               15.5782 -18.217155 -0.502044
1       -5.741              8.230423 -13.368093 -0.603330
2        -5.47              4.923971  -9.655454 -0.738517
3       -4.733              5.458677  -9.259503 -0.932175
4       -4.331              5.462342  -8.727645 -1.065697
...        ...                   ...        ...       ...
3368     -0.64              1.243527  -2.093778  0.210251
3369    -0.835              0.986532  -1.903708  0.082176
3370    -1.017              0.844045  -2.083291  0.222245
3371    -0.834              2.443022  -3.867883  0.590861
3372    -1.076              2.297852  -3.598443  0.224590

[8299 rows x 4 columns]
[1.01523444 0.32460424 2.9111259 ] 0.8767942597316536 0.3462939906057918 22.864498149549302
     Benchmark HF INTERACTION ENERGY         d3      diff
0       -3.141               15.5782 -18.293204 -0.425996
1       -5.741              8.230423 -13.406283 -0.565140
2        -5.47              4.923971  -9.674093 -0.719878
3       -4.733              5.458677  -9.277125 -0.914552
4       -4.331              5.462342  -8.743965 -1.049378
...        ...                   ...        ...       ...
3368     -0.64              1.243527  -2.110601  0.227073
3369    -0.835              0.986532  -1.914269  0.092737
3370    -1.017              0.844045  -2.094153  0.233108
3371    -0.834              2.443022  -3.901567  0.624546
3372    -1.076              2.297852  -3.618608  0.244756

[8299 rows x 4 columns]
[1.01523444 0.32460424 2.87752909] 0.8749578231273113 0.36022781472866067 23.826596176986197
     Benchmark HF INTERACTION ENERGY         d3      diff
0       -3.141               15.5782 -18.281273 -0.437927
1       -5.741              8.230423 -13.400305 -0.571118
2        -5.47              4.923971  -9.671184 -0.722787
3       -4.733              5.458677  -9.274375 -0.917302
4       -4.331              5.462342  -8.741419 -1.051924
...        ...                   ...        ...       ...
3368     -0.64              1.243527  -2.107919  0.224391
3369    -0.835              0.986532  -1.912603  0.091070
3370    -1.017              0.844045  -2.092438  0.231392
3371    -0.834              2.443022  -3.896225  0.619203
3372    -1.076              2.297852  -3.615425  0.241573

[8299 rows x 4 columns]
[1.01523444 0.32460424 2.88289491] 0.874888974368484 0.3579186214522643 23.66993812287504
     Benchmark HF INTERACTION ENERGY         d3      diff
0       -3.141               15.5782 -18.281355 -0.437845
1       -5.741              8.230423 -13.400346 -0.571077
2        -5.47              4.923971  -9.671204 -0.722767
3       -4.733              5.458677  -9.274394 -0.917283
4       -4.331              5.462342  -8.741436 -1.051906
...        ...                   ...        ...       ...
3368     -0.64              1.243527  -2.107937  0.224410
3369    -0.835              0.986532  -1.912614  0.091082
3370    -1.017              0.844045  -2.092449  0.231404
3371    -0.834              2.443022  -3.896262  0.619240
3372    -1.076              2.297852  -3.615446  0.241594

[8299 rows x 4 columns]
[1.01523444 0.32460424 2.88285837] 0.8748889711004214 0.35793424379394334 23.670999562627102
     Benchmark HF INTERACTION ENERGY         d3      diff
0       -3.141               15.5782 -18.281358 -0.437842
1       -5.741              8.230423 -13.400348 -0.571075
2        -5.47              4.923971  -9.671204 -0.722767
3       -4.733              5.458677  -9.274395 -0.917282
4       -4.331              5.462342  -8.741437 -1.051906
...        ...                   ...        ...       ...
3368     -0.64              1.243527  -2.107938  0.224410
3369    -0.835              0.986532  -1.912614  0.091082
3370    -1.017              0.844045  -2.092450  0.231404
3371    -0.834              2.443022  -3.896263  0.619241
3372    -1.076              2.297852  -3.615447  0.241595

[8299 rows x 4 columns]
[1.01523444 0.32460424 2.88285696] 0.8748889711037825 0.3579348492991761 23.67104070074049
     Benchmark HF INTERACTION ENERGY         d3      diff
0       -3.141               15.5782 -18.281352 -0.437848
1       -5.741              8.230423 -13.400345 -0.571078
2        -5.47              4.923971  -9.671203 -0.722768
3       -4.733              5.458677  -9.274393 -0.917284
4       -4.331              5.462342  -8.741435 -1.051907
...        ...                   ...        ...       ...
3368     -0.64              1.243527  -2.107936  0.224409
3369    -0.835              0.986532  -1.912614  0.091081
3370    -1.017              0.844045  -2.092449  0.231404
3371    -0.834              2.443022  -3.896260  0.619238
3372    -1.076              2.297852  -3.615446  0.241594

[8299 rows x 4 columns]
[1.01523444 0.32460424 2.88285979] 0.8748889711067664 0.35793363829086167 23.670958424498707
     Benchmark HF INTERACTION ENERGY         d3      diff
0       -3.141               15.5782 -19.105064  0.385864
1       -5.741              8.230423 -13.930314 -0.041109
2        -5.47              4.923971 -10.009233 -0.384738
3       -4.733              5.458677  -9.596348 -0.595329
4       -4.331              5.462342  -9.042172 -0.751171
...        ...                   ...        ...       ...
3368     -0.64              1.243527  -2.198154  0.314627
3369    -0.835              0.986532  -1.989273  0.167741
3370    -1.017              0.844045  -2.171600  0.310555
3371    -0.834              2.443022  -4.081088  0.804066
3372    -1.076              2.297852  -3.767952  0.394100

[8299 rows x 4 columns]
[1.11336888 0.31070849 2.88271674] 0.951150624301693 0.44206421861976886 29.7046885870565
     Benchmark HF INTERACTION ENERGY         d3      diff
0       -3.141               15.5782 -18.281355 -0.437845
1       -5.741              8.230423 -13.400346 -0.571077
2        -5.47              4.923971  -9.671204 -0.722767
3       -4.733              5.458677  -9.274394 -0.917283
4       -4.331              5.462342  -8.741436 -1.051906
...        ...                   ...        ...       ...
3368     -0.64              1.243527  -2.107937  0.224410
3369    -0.835              0.986532  -1.912614  0.091082
3370    -1.017              0.844045  -2.092449  0.231404
3371    -0.834              2.443022  -3.896262  0.619240
3372    -1.076              2.297852  -3.615446  0.241594

[8299 rows x 4 columns]
[1.01523444 0.32460424 2.88285837] 0.8748889711004214 0.35793424379394334 23.670999562627102
     Benchmark HF INTERACTION ENERGY         d3      diff
0       -3.141               15.5782 -25.120819  6.401619
1       -5.741              8.230423 -18.033118  4.061695
2        -5.47              4.923971 -12.748890  2.354919
3       -4.733              5.458677 -12.209397  2.017720
4       -4.331              5.462342 -11.487180  1.693838
...        ...                   ...        ...       ...
3368     -0.64              1.243527  -2.756217  0.872690
3369    -0.835              0.986532  -2.518877  0.697344
3370    -1.017              0.844045  -2.724763  0.863717
3371    -0.834              2.443022  -5.229666  1.952644
3372    -1.076              2.297852  -4.817893  1.444041

[8299 rows x 4 columns]
[2.01523444 0.32460424 2.88285837] 2.2196430263774154 1.1500444616136103 76.81447364086343
     Benchmark HF INTERACTION ENERGY         d3      diff
0       -3.141               15.5782 -15.460521 -3.258679
1       -5.741              8.230423 -11.489630 -2.481793
2        -5.47              4.923971  -8.401858 -1.992113
3       -4.733              5.458677  -8.063897 -2.127781
4       -4.331              5.462342  -7.608995 -2.184347
...        ...                   ...        ...       ...
3368     -0.64              1.243527  -1.840563 -0.042964
3369    -0.835              0.986532  -1.662570 -0.158962
3370    -1.017              0.844045  -1.831661 -0.029384
3371    -0.834              2.443022  -3.346319  0.069297
3372    -1.076              2.297852  -3.119516 -0.254337

[8299 rows x 4 columns]
[-0.60279956  0.32460424  2.88285837] 1.108310934058178 0.37805055154829087 20.27537398868578
     Benchmark HF INTERACTION ENERGY         d3      diff
0       -3.141               15.5782 -18.281355 -0.437845
1       -5.741              8.230423 -13.400346 -0.571077
2        -5.47              4.923971  -9.671204 -0.722767
3       -4.733              5.458677  -9.274394 -0.917283
4       -4.331              5.462342  -8.741436 -1.051906
...        ...                   ...        ...       ...
3368     -0.64              1.243527  -2.107937  0.224410
3369    -0.835              0.986532  -1.912614  0.091082
3370    -1.017              0.844045  -2.092449  0.231404
3371    -0.834              2.443022  -3.896262  0.619240
3372    -1.076              2.297852  -3.615446  0.241594

[8299 rows x 4 columns]
[1.01523444 0.32460424 2.88285837] 0.8748889711004214 0.35793424379394334 23.670999562627102
     Benchmark HF INTERACTION ENERGY         d3      diff
0       -3.141               15.5782 -14.054333 -4.664867
1       -5.741              8.230423 -10.537136 -3.434287
2        -5.47              4.923971  -7.769089 -2.624882
3       -4.733              5.458677  -7.460463 -2.731215
4       -4.331              5.462342  -7.044473 -2.748869
...        ...                   ...        ...       ...
3368     -0.64              1.243527  -1.707277 -0.176250
3369    -0.835              0.986532  -1.537923 -0.283609
3370    -1.017              0.844045  -1.701658 -0.159387
3371    -0.834              2.443022  -3.072172 -0.204850
3372    -1.076              2.297852  -2.872294 -0.501559

[8299 rows x 4 columns]
[0.39720047 0.32460424 2.88285837] 1.390851499594137 0.5108736498028785 30.230405559002953
     Benchmark HF INTERACTION ENERGY         d3      diff
0       -3.141               15.5782 -20.893798  2.174598
1       -5.741              8.230423 -15.169907  1.198485
2        -5.47              4.923971 -10.846775  0.452804
3       -4.733              5.458677 -10.395466  0.203788
4       -4.331              5.462342  -9.790217 -0.003125
...        ...                   ...        ...       ...
3368     -0.64              1.243527  -2.355558  0.472031
3369    -0.835              0.986532  -2.144186  0.322653
3370    -1.017              0.844045  -2.333972  0.472926
3371    -0.834              2.443022  -4.405577  1.128555
3372    -1.076              2.297852  -4.074740  0.700888

[8299 rows x 4 columns]
[1.39720044 0.32460424 2.88285837] 1.213189197621701 0.6154097204476159 41.80245838495706
     Benchmark HF INTERACTION ENERGY         d3      diff
0       -3.141               15.5782 -17.827189 -0.892011
1       -5.741              8.230423 -13.092713 -0.878710
2        -5.47              4.923971  -9.466834 -0.927137
3       -4.733              5.458677  -9.079499 -1.112178
4       -4.331              5.462342  -8.559108 -1.234234
...        ...                   ...        ...       ...
3368     -0.64              1.243527  -2.064889  0.181361
3369    -0.835              0.986532  -1.872356  0.050824
3370    -1.017              0.844045  -2.050461  0.189416
3371    -0.834              2.443022  -3.807718  0.530697
3372    -1.076              2.297852  -3.535599  0.161747

[8299 rows x 4 columns]
[0.94883067 0.32460424 2.88285837] 0.868334797834603 0.33239213274321944 21.350021809212297
     Benchmark HF INTERACTION ENERGY         d3      diff
0       -3.141               15.5782 -17.861967 -0.857233
1       -5.741              8.230423 -13.116270 -0.855153
2        -5.47              4.923971  -9.482483 -0.911488
3       -4.733              5.458677  -9.094423 -1.097254
4       -4.331              5.462342  -8.573070 -1.220272
...        ...                   ...        ...       ...
3368     -0.64              1.243527  -2.068185  0.184658
3369    -0.835              0.986532  -1.875439  0.053906
3370    -1.017              0.844045  -2.053677  0.192631
3371    -0.834              2.443022  -3.814499  0.537477
3372    -1.076              2.297852  -3.541714  0.167862

[8299 rows x 4 columns]
[0.95391562 0.32460424 2.88285837] 0.8681669226008407 0.3340106857381536 21.51434512092637
     Benchmark HF INTERACTION ENERGY         d3      diff
0       -3.141               15.5782 -17.897137 -0.822063
1       -5.741              8.230423 -13.140093 -0.831330
2        -5.47              4.923971  -9.498310 -0.895661
3       -4.733              5.458677  -9.109516 -1.082162
4       -4.331              5.462342  -8.587189 -1.206153
...        ...                   ...        ...       ...
3368     -0.64              1.243527  -2.071519  0.187992
3369    -0.835              0.986532  -1.878556  0.057024
3370    -1.017              0.844045  -2.056928  0.195883
3371    -0.834              2.443022  -3.821355  0.544333
3372    -1.076              2.297852  -3.547897  0.174045

[8299 rows x 4 columns]
[0.95905781 0.32460424 2.88285837] 0.8681104438670081 0.3357077603598531 21.683281420879645
     Benchmark HF INTERACTION ENERGY         d3      diff
0       -3.141               15.5782 -17.893295 -0.825905
1       -5.741              8.230423 -13.137490 -0.833933
2        -5.47              4.923971  -9.496581 -0.897390
3       -4.733              5.458677  -9.107867 -1.083810
4       -4.331              5.462342  -8.585647 -1.207695
...        ...                   ...        ...       ...
3368     -0.64              1.243527  -2.071154  0.187627
3369    -0.835              0.986532  -1.878216  0.056683
3370    -1.017              0.844045  -2.056573  0.195528
3371    -0.834              2.443022  -3.820606  0.543584
3372    -1.076              2.297852  -3.547222  0.173369

[8299 rows x 4 columns]
[0.95849605 0.32460424 2.88285837] 0.8681110700208999 0.3355194384386921 21.66469916946692
     Benchmark HF INTERACTION ENERGY         d3      diff
0       -3.141               15.5782 -17.900979 -0.818221
1       -5.741              8.230423 -13.142695 -0.828728
2        -5.47              4.923971  -9.500038 -0.893933
3       -4.733              5.458677  -9.111164 -1.080513
4       -4.331              5.462342  -8.588732 -1.204610
...        ...                   ...        ...       ...
3368     -0.64              1.243527  -2.071883  0.188356
3369    -0.835              0.986532  -1.878897  0.057365
3370    -1.017              0.844045  -2.057283  0.196238
3371    -0.834              2.443022  -3.822104  0.545083
3372    -1.076              2.297852  -3.548573  0.174720

[8299 rows x 4 columns]
[0.95961958 0.32460424 2.88285837] 0.8681111776348572 0.33589679512011583 21.701878292939494
     Benchmark HF INTERACTION ENERGY         d3      diff
0       -3.141               15.5782 -17.897137 -0.822063
1       -5.741              8.230423 -13.140093 -0.831330
2        -5.47              4.923971  -9.498310 -0.895661
3       -4.733              5.458677  -9.109516 -1.082162
4       -4.331              5.462342  -8.587189 -1.206153
...        ...                   ...        ...       ...
3368     -0.64              1.243527  -2.071519  0.187992
3369    -0.835              0.986532  -1.878556  0.057024
3370    -1.017              0.844045  -2.056928  0.195883
3371    -0.834              2.443022  -3.821355  0.544333
3372    -1.076              2.297852  -3.547897  0.174045

[8299 rows x 4 columns]
[0.95905781 0.32460424 2.88285837] 0.8681104438670081 0.3357077603598531 21.683281420879645
     Benchmark HF INTERACTION ENERGY        d3       diff
0       -3.141               15.5782 -2.183699 -16.535501
1       -5.741              8.230423 -2.066372 -11.905051
2        -5.47              4.923971 -1.915870  -8.478102
3       -4.733              5.458677 -1.873854  -8.317824
4       -4.331              5.462342 -1.813237  -7.980105
...        ...                   ...       ...        ...
3368     -0.64              1.243527 -0.478659  -1.404868
3369    -0.835              0.986532 -0.372520  -1.449012
3370    -1.017              0.844045 -0.445082  -1.415964
3371    -0.834              2.443022 -0.586062  -2.690959
3372    -1.076              2.297852 -0.618351  -2.755501

[8299 rows x 4 columns]
[0.95905781 1.32460424 2.88285837] 4.222165631590782 2.032664850133412 134.0124898713178
     Benchmark HF INTERACTION ENERGY        d3       diff
0       -3.141               15.5782 -2.360903 -16.358297
1       -5.741              8.230423 -2.227108 -11.744314
2        -5.47              4.923971 -2.056911  -8.337060
3       -4.733              5.458677 -2.010586  -8.181091
4       -4.331              5.462342 -1.943819  -7.849523
...        ...                   ...       ...        ...
3368     -0.64              1.243527 -0.507097  -1.376430
3369    -0.835              0.986532 -0.395199  -1.426334
3370    -1.017              0.844045 -0.472100  -1.388945
3371    -0.834              2.443022 -0.625741  -2.651281
3372    -1.076              2.297852 -0.659047  -2.714805

[8299 rows x 4 columns]
[ 0.95905781 -1.29342976  2.88285837] 4.18739103172717 2.0081232741345265 132.16268071955915
     Benchmark HF INTERACTION ENERGY         d3      diff
0       -3.141               15.5782 -17.897137 -0.822063
1       -5.741              8.230423 -13.140093 -0.831330
2        -5.47              4.923971  -9.498310 -0.895661
3       -4.733              5.458677  -9.109516 -1.082162
4       -4.331              5.462342  -8.587189 -1.206153
...        ...                   ...        ...       ...
3368     -0.64              1.243527  -2.071519  0.187992
3369    -0.835              0.986532  -1.878556  0.057024
3370    -1.017              0.844045  -2.056928  0.195883
3371    -0.834              2.443022  -3.821355  0.544333
3372    -1.076              2.297852  -3.547897  0.174045

[8299 rows x 4 columns]
[0.95905781 0.32460424 2.88285837] 0.8681104438670081 0.3357077603598531 21.683281420879645
     Benchmark HF INTERACTION ENERGY         d3      diff
0       -3.141               15.5782 -18.204375 -0.514825
1       -5.741              8.230423 -13.292531 -0.678891
2        -5.47              4.923971  -9.571420 -0.822551
3       -4.733              5.458677  -9.178388 -1.013289
4       -4.331              5.462342  -8.650691 -1.142652
...        ...                   ...        ...       ...
3368     -0.64              1.243527  -2.126828  0.243301
3369    -0.835              0.986532  -1.914033  0.092500
3370    -1.017              0.844045  -2.092386  0.231341
3371    -0.834              2.443022  -3.932859  0.655837
3372    -1.076              2.297852  -3.618944  0.245092

[8299 rows x 4 columns]
[ 0.95905781 -0.29342973  2.88285837] 0.8796375227607656 0.38634806731978805 25.176965203108097
     Benchmark HF INTERACTION ENERGY         d3      diff
0       -3.141               15.5782 -10.224644 -8.494556
1       -5.741              8.230423  -8.525148 -5.446275
2        -5.47              4.923971  -6.853512 -3.540459
3       -4.733              5.458677  -6.605426 -3.586252
4       -4.331              5.462342  -6.264945 -3.528398
...        ...                   ...        ...       ...
3368     -0.64              1.243527  -1.350007 -0.533520
3369    -0.835              0.986532  -1.191157 -0.630376
3370    -1.017              0.844045  -1.373799 -0.487246
3371    -0.834              2.443022  -2.155728 -1.121294
3372    -1.076              2.297852  -2.175025 -1.198827

[8299 rows x 4 columns]
[0.95905781 0.70657024 2.88285837] 2.7468078624792125 1.076772393697377 66.53254203250721
     Benchmark HF INTERACTION ENERGY         d3      diff
0       -3.141               15.5782 -17.288516 -1.430684
1       -5.741              8.230423 -12.593648 -1.377775
2        -5.47              4.923971  -9.030298 -1.363673
3       -4.733              5.458677  -8.644987 -1.546690
4       -4.331              5.462342  -8.142731 -1.650611
...        ...                   ...        ...       ...
3368     -0.64              1.243527  -2.468688  0.585160
3369    -0.835              0.986532  -2.072423  0.250890
3370    -1.017              0.844045  -2.257206  0.396161
3371    -0.834              2.443022  -4.515337  1.238316
3372    -1.076              2.297852  -3.920609  0.546757

[8299 rows x 4 columns]
[0.95905781 0.01747612 2.88285837] 3.4905884089457477 1.0245182156278925 57.768034837507486
     Benchmark HF INTERACTION ENERGY         d3      diff
0       -3.141               15.5782 -15.601383 -3.117816
1       -5.741              8.230423 -11.912322 -2.059101
2        -5.47              4.923971  -8.863027 -1.530944
3       -4.733              5.458677  -8.508476 -1.683201
4       -4.331              5.462342  -8.031014 -1.762328
...        ...                   ...        ...       ...
3368     -0.64              1.243527  -1.797674 -0.085853
3369    -0.835              0.986532  -1.659399 -0.162134
3370    -1.017              0.844045  -1.841692 -0.019353
3371    -0.834              2.443022  -3.211792 -0.065230
3372    -1.076              2.297852  -3.106511 -0.267341

[8299 rows x 4 columns]
[0.95905781 0.47050227 2.88285837] 1.5125183447107813 0.44214653669362564 24.083160928483153
     Benchmark HF INTERACTION ENERGY         d3      diff
0       -3.141               15.5782 -18.697078 -0.022122
1       -5.741              8.230423 -13.516441 -0.454982
2        -5.47              4.923971  -9.663952 -0.730019
3       -4.733              5.458677  -9.264004 -0.927673
4       -4.331              5.462342  -8.728564 -1.064779
...        ...                   ...        ...       ...
3368     -0.64              1.243527  -2.266775  0.383248
3369    -0.835              0.986532  -1.991436  0.169904
3370    -1.017              0.844045  -2.171016  0.309971
3371    -0.834              2.443022  -4.193971  0.916949
3372    -1.076              2.297852  -3.772269  0.398417

[8299 rows x 4 columns]
[0.95905781 0.20729174 2.88285837] 1.3061935201127204 0.5770087917694828 36.56013758174608
     Benchmark HF INTERACTION ENERGY         d3      diff
0       -3.141               15.5782 -17.180979 -1.538221
1       -5.741              8.230423 -12.771674 -1.199749
2        -5.47              4.923971  -9.314141 -1.079830
3       -4.733              5.458677  -8.935468 -1.256209
4       -4.331              5.462342  -8.426316 -1.367026
...        ...                   ...        ...       ...
3368     -0.64              1.243527  -1.968905  0.085378
3369    -0.835              0.986532  -1.804907 -0.016625
3370    -1.017              0.844045  -1.984078  0.123033
3371    -0.834              2.443022  -3.602938  0.325916
3372    -1.076              2.297852  -3.399748  0.025896

[8299 rows x 4 columns]
[0.95905781 0.38033233 2.88285837] 1.029286715096687 0.30485426124327164 17.98384915525792
     Benchmark HF INTERACTION ENERGY         d3      diff
0       -3.141               15.5782 -18.317440 -0.401760
1       -5.741              8.230423 -13.347301 -0.624122
2        -5.47              4.923971  -9.596816 -0.797155
3       -4.733              5.458677  -9.202231 -0.989446
4       -4.331              5.462342  -8.672617 -1.120725
...        ...                   ...        ...       ...
3368     -0.64              1.243527  -2.150376  0.266849
3369    -0.835              0.986532  -1.928269  0.106737
3370    -1.017              0.844045  -2.106703  0.245658
3371    -0.834              2.443022  -3.978925  0.701903
3372    -1.076              2.297852  -3.647358  0.273506

[8299 rows x 4 columns]
[0.95905781 0.27979486 2.88285837] 0.911596405489051 0.41301909194394476 26.88060377988971
     Benchmark HF INTERACTION ENERGY         d3      diff
0       -3.141               15.5782 -17.648624 -1.070576
1       -5.741              8.230423 -13.014019 -0.957404
2        -5.47              4.923971  -9.436190 -0.957781
3       -4.733              5.458677  -9.050862 -1.140815
4       -4.331              5.462342  -8.533015 -1.260328
...        ...                   ...        ...       ...
3368     -0.64              1.243527  -2.032791  0.149264
3369    -0.835              0.986532  -1.851971  0.030439
3370    -1.017              0.844045  -2.030529  0.169484
3371    -0.834              2.443022  -3.740612  0.463590
3372    -1.076              2.297852  -3.494492  0.120640

[8299 rows x 4 columns]
[0.95905781 0.34589048 2.88285837] 0.9065996870442626 0.3130520471644561 19.780238810975646
     Benchmark HF INTERACTION ENERGY         d3      diff
0       -3.141               15.5782 -18.074196 -0.645004
1       -5.741              8.230423 -13.228492 -0.742931
2        -5.47              4.923971  -9.541052 -0.852919
3       -4.733              5.458677  -9.149812 -1.041866
4       -4.331              5.462342  -8.624364 -1.168978
...        ...                   ...        ...       ...
3368     -0.64              1.243527  -2.102118  0.218591
3369    -0.835              0.986532  -1.898541  0.077008
3370    -1.017              0.844045  -2.076866  0.215821
3371    -0.834              2.443022  -3.883611  0.606589
3372    -1.076              2.297852  -3.587956  0.214104

[8299 rows x 4 columns]
[0.95905781 0.30748858 2.88285837] 0.8638278340003457 0.3614241837195342 23.51444906405286
     Benchmark HF INTERACTION ENERGY         d3      diff
0       -3.141               15.5782 -18.173429 -0.545771
1       -5.741              8.230423 -13.277393 -0.694030
2        -5.47              4.923971  -9.564297 -0.829674
3       -4.733              5.458677  -9.171691 -1.019986
4       -4.331              5.462342  -8.644525 -1.148818
...        ...                   ...        ...       ...
3368     -0.64              1.243527  -2.120749  0.237222
3369    -0.835              0.986532  -1.910274  0.088742
3370    -1.017              0.844045  -2.088615  0.227570
3371    -0.834              2.443022  -3.920829  0.643807
3372    -1.076              2.297852  -3.611432  0.237580

[8299 rows x 4 columns]
[0.95905781 0.29691052 2.88285837] 0.8740824924245052 0.37990701662425835 24.75429688885912
     Benchmark HF INTERACTION ENERGY         d3      diff
0       -3.141               15.5782 -18.017319 -0.701881
1       -5.741              8.230423 -13.200243 -0.771180
2        -5.47              4.923971  -9.527483 -0.866488
3       -4.733              5.458677  -9.137027 -1.054651
4       -4.331              5.462342  -8.612575 -1.180767
...        ...                   ...        ...       ...
3368     -0.64              1.243527  -2.091957  0.208430
3369    -0.835              0.986532  -1.892003  0.070471
3370    -1.017              0.844045  -2.070334  0.209289
3371    -0.834              2.443022  -3.863091  0.586069
3372    -1.076              2.297852  -3.574861  0.201009

[8299 rows x 4 columns]
[0.95905781 0.31320566 2.88285837] 0.8624293689561217 0.35220468540643757 22.880979599328676
     Benchmark HF INTERACTION ENERGY         d3      diff
0       -3.141               15.5782 -18.018475 -0.700725
1       -5.741              8.230423 -13.200818 -0.770604
2        -5.47              4.923971  -9.527760 -0.866211
3       -4.733              5.458677  -9.137288 -1.054389
4       -4.331              5.462342  -8.612816 -1.180526
...        ...                   ...        ...       ...
3368     -0.64              1.243527  -2.092160  0.208633
3369    -0.835              0.986532  -1.892135  0.070602
3370    -1.017              0.844045  -2.070466  0.209420
3371    -0.834              2.443022  -3.863503  0.586481
3372    -1.076              2.297852  -3.575125  0.201273

[8299 rows x 4 columns]
[0.95905781 0.31309167 2.88285837] 0.8624291114750307 0.3523827151672716 22.893434996877257
     Benchmark HF INTERACTION ENERGY         d3      diff
0       -3.141               15.5782 -18.019642 -0.699558
1       -5.741              8.230423 -13.201399 -0.770023
2        -5.47              4.923971  -9.528040 -0.865931
3       -4.733              5.458677  -9.137552 -1.054125
4       -4.331              5.462342  -8.613060 -1.180283
...        ...                   ...        ...       ...
3368     -0.64              1.243527  -2.092365  0.208838
3369    -0.835              0.986532  -1.892268  0.070735
3370    -1.017              0.844045  -2.070598  0.209553
3371    -0.834              2.443022  -3.863919  0.586897
3372    -1.076              2.297852  -3.575391  0.201539

[8299 rows x 4 columns]
[0.95905781 0.31297655 2.88285837] 0.862430007209863 0.35256277160099786 22.90602020939438
     Benchmark HF INTERACTION ENERGY         d3      diff
0       -3.141               15.5782 -18.018475 -0.700725
1       -5.741              8.230423 -13.200818 -0.770604
2        -5.47              4.923971  -9.527760 -0.866211
3       -4.733              5.458677  -9.137288 -1.054389
4       -4.331              5.462342  -8.612816 -1.180526
...        ...                   ...        ...       ...
3368     -0.64              1.243527  -2.092160  0.208633
3369    -0.835              0.986532  -1.892135  0.070602
3370    -1.017              0.844045  -2.070466  0.209420
3371    -0.834              2.443022  -3.863503  0.586481
3372    -1.076              2.297852  -3.575125  0.201273

[8299 rows x 4 columns]
[0.95905781 0.31309167 2.88285837] 0.8624291114750307 0.3523827151672716 22.893434996877257
     Benchmark HF INTERACTION ENERGY         d3      diff
0       -3.141               15.5782 -14.687723 -4.031477
1       -5.741              8.230423 -11.391244 -2.580178
2        -5.47              4.923971  -8.577342 -1.816629
3       -4.733              5.458677  -8.235815 -1.955863
4       -4.331              5.462342  -7.775249 -2.018094
...        ...                   ...        ...       ...
3368     -0.64              1.243527  -1.613068 -0.270459
3369    -0.835              0.986532  -1.490319 -0.331213
3370    -1.017              0.844045  -1.662547 -0.198499
3371    -0.834              2.443022  -2.783834 -0.493188
3372    -1.076              2.297852  -2.809460 -0.564392

[8299 rows x 4 columns]
[0.95905781 0.31309167 3.88285837] 1.875157085767097 0.6164759608844808 37.722193750996034
     Benchmark HF INTERACTION ENERGY         d3      diff
0       -3.141               15.5782 -16.720695 -1.998505
1       -5.741              8.230423 -12.246018 -1.725405
2        -5.47              4.923971  -8.803228 -1.590743
3       -4.733              5.458677  -8.421405 -1.770273
4       -4.331              5.462342  -7.928122 -1.865221
...        ...                   ...        ...       ...
3368     -0.64              1.243527  -2.532227  0.648700
3369    -0.835              0.986532  -2.084787  0.263255
3370    -1.017              0.844045  -2.274128  0.413083
3371    -0.834              2.443022  -4.595016  1.317994
3372    -1.076              2.297852  -3.938394  0.564542

[8299 rows x 4 columns]
[0.95905781 0.31309167 1.26482437] 6.859290896014966 1.2781356704258582 68.05442682333498
     Benchmark HF INTERACTION ENERGY         d3      diff
0       -3.141               15.5782 -18.018475 -0.700725
1       -5.741              8.230423 -13.200818 -0.770604
2        -5.47              4.923971  -9.527760 -0.866211
3       -4.733              5.458677  -9.137288 -1.054389
4       -4.331              5.462342  -8.612816 -1.180526
...        ...                   ...        ...       ...
3368     -0.64              1.243527  -2.092160  0.208633
3369    -0.835              0.986532  -1.892135  0.070602
3370    -1.017              0.844045  -2.070466  0.209420
3371    -0.834              2.443022  -3.863503  0.586481
3372    -1.076              2.297852  -3.575125  0.201273

[8299 rows x 4 columns]
[0.95905781 0.31309167 2.88285837] 0.8624291114750307 0.3523827151672716 22.893434996877257
     Benchmark HF INTERACTION ENERGY         d3      diff
0       -3.141               15.5782 -18.741651  0.022451
1       -5.741              8.230423 -13.532009 -0.439414
2        -5.47              4.923971  -9.666411 -0.727560
3       -4.733              5.458677  -9.265915 -0.925762
4       -4.331              5.462342  -8.730206 -1.063136
...        ...                   ...        ...       ...
3368     -0.64              1.243527  -2.356406  0.472879
3369    -0.835              0.986532  -2.025902  0.204370
3370    -1.017              0.844045  -2.210237  0.349192
3371    -0.834              2.443022  -4.333564  1.056542
3372    -1.076              2.297852  -3.830699  0.456846

[8299 rows x 4 columns]
[0.95905781 0.31309167 2.2648244 ] 1.7404811422886477 0.7034018104812173 43.38137415607844
     Benchmark HF INTERACTION ENERGY         d3      diff
0       -3.141               15.5782 -17.041459 -1.677741
1       -5.741              8.230423 -12.698120 -1.273303
2        -5.47              4.923971  -9.276010 -1.117961
3       -4.733              5.458677  -8.898855 -1.292822
4       -4.331              5.462342  -8.391649 -1.401693
...        ...                   ...        ...       ...
3368     -0.64              1.243527  -1.904875  0.021348
3369    -0.835              0.986532  -1.761652 -0.059880
3370    -1.017              0.844045  -1.936941  0.075895
3371    -0.834              2.443022  -3.469673  0.192651
3372    -1.076              2.297852  -3.326941 -0.046911

[8299 rows x 4 columns]
[0.95905781 0.31309167 3.26482437] 1.1211684379807378 0.31122032003730726 17.36060371960411
     Benchmark HF INTERACTION ENERGY         d3      diff
0       -3.141               15.5782 -17.957173 -0.762027
1       -5.741              8.230423 -13.170178 -0.801245
2        -5.47              4.923971  -9.512900 -0.881072
3       -4.733              5.458677  -9.123248 -1.068430
4       -4.331              5.462342  -8.599819 -1.193523
...        ...                   ...        ...       ...
3368     -0.64              1.243527  -2.077826  0.194299
3369    -0.835              0.986532  -1.883339  0.061806
3370    -1.017              0.844045  -2.061388  0.200343
3371    -0.834              2.443022  -3.835157  0.558135
3372    -1.076              2.297852  -3.558370  0.184518

[8299 rows x 4 columns]
[0.95905781 0.31309167 2.91241287] 0.8643838389203041 0.34112926795698095 22.09424758454413
     Benchmark HF INTERACTION ENERGY         d3      diff
0       -3.141               15.5782 -18.027171 -0.692029
1       -5.741              8.230423 -13.205152 -0.766271
2        -5.47              4.923971  -9.529854 -0.864117
3       -4.733              5.458677  -9.139266 -1.052411
4       -4.331              5.462342  -8.614646 -1.178696
...        ...                   ...        ...       ...
3368     -0.64              1.243527  -2.094234  0.210707
3369    -0.835              0.986532  -1.893392  0.071860
3370    -1.017              0.844045  -2.071765  0.210719
3371    -0.834              2.443022  -3.867579  0.590557
3372    -1.076              2.297852  -3.577521  0.203669

[8299 rows x 4 columns]
[0.95905781 0.31309167 2.87856939] 0.8624931288869637 0.35409684423666316 23.012520622534186
     Benchmark HF INTERACTION ENERGY         d3      diff
0       -3.141               15.5782 -18.016499 -0.702701
1       -5.741              8.230423 -13.199833 -0.771590
2        -5.47              4.923971  -9.527284 -0.866687
3       -4.733              5.458677  -9.136838 -1.054839
4       -4.331              5.462342  -8.612400 -1.180942
...        ...                   ...        ...       ...
3368     -0.64              1.243527  -2.091690  0.208163
3369    -0.835              0.986532  -1.891849  0.070317
3370    -1.017              0.844045  -2.070171  0.209125
3371    -0.834              2.443022  -3.862578  0.585556
3372    -1.076              2.297852  -3.574581  0.200729

[8299 rows x 4 columns]
[0.95905781 0.31309167 2.88382955] 0.8624270288647923 0.3519973298250283 22.866573803685224
     Benchmark HF INTERACTION ENERGY         d3      diff
0       -3.141               15.5782 -18.016589 -0.702611
1       -5.741              8.230423 -13.199878 -0.771545
2        -5.47              4.923971  -9.527306 -0.866665
3       -4.733              5.458677  -9.136859 -1.054818
4       -4.331              5.462342  -8.612419 -1.180923
...        ...                   ...        ...       ...
3368     -0.64              1.243527  -2.091711  0.208184
3369    -0.835              0.986532  -1.891862  0.070330
3370    -1.017              0.844045  -2.070184  0.209139
3371    -0.834              2.443022  -3.862621  0.585599
3372    -1.076              2.297852  -3.574606  0.200754

[8299 rows x 4 columns]
[0.95905781 0.31309167 2.88378522] 0.8624270243310178 0.35201490010167874 22.86779540433738
     Benchmark HF INTERACTION ENERGY         d3      diff
0       -3.141               15.5782 -18.016570 -0.702630
1       -5.741              8.230423 -13.199869 -0.771554
2        -5.47              4.923971  -9.527301 -0.866670
3       -4.733              5.458677  -9.136855 -1.054823
4       -4.331              5.462342  -8.612415 -1.180927
...        ...                   ...        ...       ...
3368     -0.64              1.243527  -2.091707  0.208180
3369    -0.835              0.986532  -1.891860  0.070327
3370    -1.017              0.844045  -2.070181  0.209136
3371    -0.834              2.443022  -3.862612  0.585590
3372    -1.076              2.297852  -3.574601  0.200749

[8299 rows x 4 columns]
[0.95905781 0.31309167 2.88379449] 0.8624270244913952 0.35201122665645046 22.867540015695987
     Benchmark HF INTERACTION ENERGY         d3      diff
0       -3.141               15.5782 -18.016608 -0.702592
1       -5.741              8.230423 -13.199888 -0.771535
2        -5.47              4.923971  -9.527310 -0.866661
3       -4.733              5.458677  -9.136863 -1.054814
4       -4.331              5.462342  -8.612423 -1.180919
...        ...                   ...        ...       ...
3368     -0.64              1.243527  -2.091716  0.208189
3369    -0.835              0.986532  -1.891865  0.070333
3370    -1.017              0.844045  -2.070187  0.209142
3371    -0.834              2.443022  -3.862629  0.585607
3372    -1.076              2.297852  -3.574611  0.200759

[8299 rows x 4 columns]
[0.95905781 0.31309167 2.88377595] 0.8624270245869256 0.35201857364023315 22.868050792427155
     Benchmark HF INTERACTION ENERGY         d3      diff
0       -3.141               15.5782 -17.738995 -0.980205
1       -5.741              8.230423 -12.992974 -0.978449
2        -5.47              4.923971  -9.380232 -1.013739
3       -4.733              5.458677  -8.996311 -1.195366
4       -4.331              5.462342  -8.480615 -1.312728
...        ...                   ...        ...       ...
3368     -0.64              1.243527  -2.074284  0.190757
3369    -0.835              0.986532  -1.870109  0.048577
3370    -1.017              0.844045  -2.046969  0.185924
3371    -0.834              2.443022  -3.826093  0.549071
3372    -1.076              2.297852  -3.531663  0.157811

[8299 rows x 4 columns]
[0.90288119 0.3015791  2.88471207] 0.8522614088848516 0.34702454360379237 22.088995025647986
     Benchmark HF INTERACTION ENERGY         d3      diff
0       -3.141               15.5782 -18.016589 -0.702611
1       -5.741              8.230423 -13.199878 -0.771545
2        -5.47              4.923971  -9.527306 -0.866665
3       -4.733              5.458677  -9.136859 -1.054818
4       -4.331              5.462342  -8.612419 -1.180923
...        ...                   ...        ...       ...
3368     -0.64              1.243527  -2.091711  0.208184
3369    -0.835              0.986532  -1.891862  0.070330
3370    -1.017              0.844045  -2.070184  0.209139
3371    -0.834              2.443022  -3.862621  0.585599
3372    -1.076              2.297852  -3.574606  0.200754

[8299 rows x 4 columns]
[0.95905781 0.31309167 2.88378522] 0.8624270243310178 0.35201490010167874 22.86779540433738
     Benchmark HF INTERACTION ENERGY         d3      diff
0       -3.141               15.5782 -17.738995 -0.980205
1       -5.741              8.230423 -12.992974 -0.978449
2        -5.47              4.923971  -9.380232 -1.013739
3       -4.733              5.458677  -8.996311 -1.195366
4       -4.331              5.462342  -8.480615 -1.312728
...        ...                   ...        ...       ...
3368     -0.64              1.243527  -2.074284  0.190757
3369    -0.835              0.986532  -1.870109  0.048577
3370    -1.017              0.844045  -2.046969  0.185924
3371    -0.834              2.443022  -3.826093  0.549071
3372    -1.076              2.297852  -3.531663  0.157811

[8299 rows x 4 columns]
[0.90288119 0.3015791  2.88471207] 0.8522614088848516 0.34702454360379237 22.088995025647986
     Benchmark HF INTERACTION ENERGY         d3      diff
0       -3.141               15.5782 -17.264643 -1.454557
1       -5.741              8.230423 -12.645652 -1.325771
2        -5.47              4.923971  -9.136101 -1.257870
3       -4.733              5.458677  -8.763056 -1.428621
4       -4.331              5.462342  -8.261945 -1.531397
...        ...                   ...        ...       ...
3368     -0.64              1.243527  -2.043516  0.159989
3369    -0.835              0.986532  -1.832901  0.011368
3370    -1.017              0.844045  -2.007487  0.146442
3371    -0.834              2.443022  -3.761021  0.483999
3372    -1.076              2.297852  -3.457957  0.084105

[8299 rows x 4 columns]
[0.8119855  0.28295137 2.88621174] 0.8420309894001323 0.34198841464711777 20.980399568613812
     Benchmark HF INTERACTION ENERGY         d3      diff
0       -3.141               15.5782 -16.848757 -1.870443
1       -5.741              8.230423 -12.346298 -1.625125
2        -5.47              4.923971  -8.927980 -1.465991
3       -4.733              5.458677  -8.564244 -1.627433
4       -4.331              5.462342  -8.075626 -1.717716
...        ...                   ...        ...       ...
3368     -0.64              1.243527  -2.015516  0.131989
3369    -0.835              0.986532  -1.800196 -0.021336
3370    -1.017              0.844045  -1.972963  0.111918
3371    -0.834              2.443022  -3.701500  0.424478
3372    -1.076              2.297852  -3.392970  0.019117

[8299 rows x 4 columns]
[0.73644286 0.26747003 2.8874581 ] 0.8409946457401959 0.34184271262775395 20.289392969281224
     Benchmark HF INTERACTION ENERGY         d3      diff
0       -3.141               15.5782 -16.139277 -2.579923
1       -5.741              8.230423 -11.844051 -2.127372
2        -5.47              4.923971  -8.582569 -1.811402
3       -4.733              5.458677  -8.234349 -1.957328
4       -4.331              5.462342  -7.766565 -2.026777
...        ...                   ...        ...       ...
3368     -0.64              1.243527  -1.965545  0.082018
3369    -0.835              0.986532  -1.744134 -0.077399
3370    -1.017              0.844045  -1.914052  0.053007
3371    -0.834              2.443022  -3.595231  0.318209
3372    -1.076              2.297852  -3.281241 -0.092612

[8299 rows x 4 columns]
[0.61421231 0.24242068 2.88947476] 0.8580687334350219 0.3521924894417462 19.787866002586167
     Benchmark HF INTERACTION ENERGY         d3      diff
0       -3.141               15.5782 -16.848757 -1.870443
1       -5.741              8.230423 -12.346298 -1.625125
2        -5.47              4.923971  -8.927980 -1.465991
3       -4.733              5.458677  -8.564244 -1.627433
4       -4.331              5.462342  -8.075626 -1.717716
...        ...                   ...        ...       ...
3368     -0.64              1.243527  -2.015516  0.131989
3369    -0.835              0.986532  -1.800196 -0.021336
3370    -1.017              0.844045  -1.972963  0.111918
3371    -0.834              2.443022  -3.701500  0.424478
3372    -1.076              2.297852  -3.392970  0.019117

[8299 rows x 4 columns]
[0.73644286 0.26747003 2.8874581 ] 0.8409946457401959 0.34184271262775395 20.289392969281224
     Benchmark HF INTERACTION ENERGY         d3      diff
0       -3.141               15.5782 -16.582781 -2.136419
1       -5.741              8.230423 -12.156901 -1.814521
2        -5.47              4.923971  -8.797224 -1.596747
3       -4.733              5.458677  -8.439352 -1.752325
4       -4.331              5.462342  -7.958607 -1.834735
...        ...                   ...        ...       ...
3368     -0.64              1.243527  -1.997108  0.113581
3369    -0.835              0.986532  -1.779224 -0.042308
3370    -1.017              0.844045  -1.950891  0.089846
3371    -0.834              2.443022  -3.662329  0.385308
3372    -1.076              2.297852  -3.351216 -0.022636

[8299 rows x 4 columns]
[0.68975495 0.25790203 2.88822839] 0.8445068808253839 0.3440939513513481 20.00006889887212
     Benchmark HF INTERACTION ENERGY         d3      diff
0       -3.141               15.5782 -17.009797 -1.709403
1       -5.741              8.230423 -12.461715 -1.509708
2        -5.47              4.923971  -9.007998 -1.385973
3       -4.733              5.458677  -8.640679 -1.550998
4       -4.331              5.462342  -8.147252 -1.646090
...        ...                   ...        ...       ...
3368     -0.64              1.243527  -2.026472  0.142945
3369    -0.835              0.986532  -1.812872 -0.008661
3370    -1.017              0.844045  -1.986327  0.125282
3371    -0.834              2.443022  -3.724805  0.447783
3372    -1.076              2.297852  -3.418176  0.044324

[8299 rows x 4 columns]
[0.76529758 0.27338337 2.88698203] 0.8404755809810681 0.3413866805736065 20.524097966174434
     Benchmark HF INTERACTION ENERGY         d3      diff
0       -3.141               15.5782 -16.995634 -1.723565
1       -5.741              8.230423 -12.451541 -1.519882
2        -5.47              4.923971  -9.000933 -1.393038
3       -4.733              5.458677  -8.633931 -1.557746
4       -4.331              5.462342  -8.140928 -1.652415
...        ...                   ...        ...       ...
3368     -0.64              1.243527  -2.025514  0.141987
3369    -0.835              0.986532  -1.811758 -0.009775
3370    -1.017              0.844045  -1.985152  0.124106
3371    -0.834              2.443022  -3.722769  0.445747
3372    -1.076              2.297852  -3.415962  0.042110

[8299 rows x 4 columns]
[0.76274087 0.27285942 2.88702421] 0.8404737910931568 0.341400173406741 20.50175386763931
     Benchmark HF INTERACTION ENERGY         d3      diff
0       -3.141               15.5782 -16.984746 -1.734454
1       -5.741              8.230423 -12.443722 -1.527701
2        -5.47              4.923971  -8.995505 -1.398466
3       -4.733              5.458677  -8.628746 -1.562931
4       -4.331              5.462342  -8.136069 -1.657274
...        ...                   ...        ...       ...
3368     -0.64              1.243527  -2.024777  0.141250
3369    -0.835              0.986532  -1.810901 -0.010631
3370    -1.017              0.844045  -1.984248  0.123203
3371    -0.834              2.443022  -3.721201  0.444179
3372    -1.076              2.297852  -3.414259  0.040407

[8299 rows x 4 columns]
[0.7607777  0.27245709 2.8870566 ] 0.840478583566975 0.3414139975823473 20.484759238253655
     Benchmark HF INTERACTION ENERGY         d3      diff
0       -3.141               15.5782 -16.995634 -1.723565
1       -5.741              8.230423 -12.451541 -1.519882
2        -5.47              4.923971  -9.000933 -1.393038
3       -4.733              5.458677  -8.633931 -1.557746
4       -4.331              5.462342  -8.140928 -1.652415
...        ...                   ...        ...       ...
3368     -0.64              1.243527  -2.025514  0.141987
3369    -0.835              0.986532  -1.811758 -0.009775
3370    -1.017              0.844045  -1.985152  0.124106
3371    -0.834              2.443022  -3.722769  0.445747
3372    -1.076              2.297852  -3.415962  0.042110

[8299 rows x 4 columns]
[0.76274087 0.27285942 2.88702421] 0.8404737910931568 0.341400173406741 20.50175386763931
     Benchmark HF INTERACTION ENERGY         d3      diff
0       -3.141               15.5782 -14.357794 -4.361406
1       -5.741              8.230423 -11.039405 -2.932018
2        -5.47              4.923971  -8.267606 -2.126365
3       -4.733              5.458677  -7.938609 -2.253068
4       -4.331              5.462342  -7.494886 -2.298456
...        ...                   ...        ...       ...
3368     -0.64              1.243527  -1.587073 -0.296454
3369    -0.835              0.986532  -1.467473 -0.354059
3370    -1.017              0.844045  -1.632776 -0.228269
3371    -0.834              2.443022  -2.762521 -0.514501
3372    -1.076              2.297852  -2.765010 -0.608842

[8299 rows x 4 columns]
[0.76274087 0.27285942 3.88702421] 1.8421895467034548 0.6266120113722409 38.957202999715626
     Benchmark HF INTERACTION ENERGY         d3      diff
0       -3.141               15.5782 -14.719140 -4.000059
1       -5.741              8.230423 -10.955219 -3.016204
2        -5.47              4.923971  -7.963240 -2.430731
3       -4.733              5.458677  -7.615728 -2.575949
4       -4.331              5.462342  -7.171945 -2.621398
...        ...                   ...        ...       ...
3368     -0.64              1.243527  -2.370881  0.487354
3369    -0.835              0.986532  -1.952990  0.131457
3370    -1.017              0.844045  -2.136892  0.275847
3371    -0.834              2.443022  -4.282389  1.005367
3372    -1.076              2.297852  -3.674863  0.301011

[8299 rows x 4 columns]
[0.76274087 0.27285942 1.26899021] 7.0026366529182 1.113471058868078 57.41892268616917
     Benchmark HF INTERACTION ENERGY         d3      diff
0       -3.141               15.5782 -16.995634 -1.723565
1       -5.741              8.230423 -12.451541 -1.519882
2        -5.47              4.923971  -9.000933 -1.393038
3       -4.733              5.458677  -8.633931 -1.557746
4       -4.331              5.462342  -8.140928 -1.652415
...        ...                   ...        ...       ...
3368     -0.64              1.243527  -2.025514  0.141987
3369    -0.835              0.986532  -1.811758 -0.009775
3370    -1.017              0.844045  -1.985152  0.124106
3371    -0.834              2.443022  -3.722769  0.445747
3372    -1.076              2.297852  -3.415962  0.042110

[8299 rows x 4 columns]
[0.76274087 0.27285942 2.88702421] 0.8404737910931568 0.341400173406741 20.50175386763931
     Benchmark HF INTERACTION ENERGY         d3      diff
0       -3.141               15.5782 -17.381532 -1.337668
1       -5.741              8.230423 -12.606725 -1.364698
2        -5.47              4.923971  -9.046289 -1.347682
3       -4.733              5.458677  -8.673356 -1.518321
4       -4.331              5.462342  -8.175143 -1.618199
...        ...                   ...        ...       ...
3368     -0.64              1.243527  -2.246469  0.362942
3369    -0.835              0.986532  -1.917331  0.095799
3370    -1.017              0.844045  -2.096704  0.235658
3371    -0.834              2.443022  -4.102874  0.825852
3372    -1.076              2.297852  -3.615090  0.241238

[8299 rows x 4 columns]
[0.76274087 0.27285942 2.26899024] 1.6999472963527447 0.6268118633092598 36.89899889541916
     Benchmark HF INTERACTION ENERGY         d3      diff
0       -3.141               15.5782 -16.269912 -2.449288
1       -5.741              8.230423 -12.083412 -1.888011
2        -5.47              4.923971  -8.819734 -1.574237
3       -4.733              5.458677  -8.462630 -1.729048
4       -4.331              5.462342  -7.982170 -1.811172
...        ...                   ...        ...       ...
3368     -0.64              1.243527  -1.857479 -0.026048
3369    -0.835              0.986532  -1.703701 -0.117831
3370    -1.017              0.844045  -1.873274  0.012229
3371    -0.834              2.443022  -3.383980  0.106958
3372    -1.076              2.297852  -3.212234 -0.161618

[8299 rows x 4 columns]
[0.76274087 0.27285942 3.26899021] 1.1045818320415621 0.33843835510159664 18.16306524380675
     Benchmark HF INTERACTION ENERGY         d3      diff
0       -3.141               15.5782 -16.959347 -1.759853
1       -5.741              8.230423 -12.433779 -1.537644
2        -5.47              4.923971  -8.992605 -1.401366
3       -4.733              5.458677  -8.626096 -1.565582
4       -4.331              5.462342  -8.133693 -1.659649
...        ...                   ...        ...       ...
3368     -0.64              1.243527  -2.014898  0.131370
3369    -0.835              0.986532  -1.805737 -0.015796
3370    -1.017              0.844045  -1.978863  0.117817
3371    -0.834              2.443022  -3.702687  0.425665
3372    -1.076              2.297852  -3.404605  0.030753

[8299 rows x 4 columns]
[0.76274087 0.27285942 2.91196249] 0.8430478663680726 0.33515593283504674 19.993242735678027
     Benchmark HF INTERACTION ENERGY         d3      diff
0       -3.141               15.5782 -17.022040 -1.697160
1       -5.741              8.230423 -12.464396 -1.507026
2        -5.47              4.923971  -9.006911 -1.387060
3       -4.733              5.458677  -8.639549 -1.552129
4       -4.331              5.462342  -8.146111 -1.647232
...        ...                   ...        ...       ...
3368     -0.64              1.243527  -2.033486  0.149959
3369    -0.835              0.986532  -1.816214 -0.005319
3370    -1.017              0.844045  -1.989811  0.128765
3371    -0.834              2.443022  -3.737731  0.460709
3372    -1.076              2.297852  -3.424368  0.050516

[8299 rows x 4 columns]
[0.76274087 0.27285942 2.86816897] 0.8404629162032583 0.3465857680416357 20.903424154068126
     Benchmark HF INTERACTION ENERGY         d3      diff
0       -3.141               15.5782 -17.009120 -1.710080
1       -5.741              8.230423 -12.458114 -1.513308
2        -5.47              4.923971  -9.003996 -1.389975
3       -4.733              5.458677  -8.636809 -1.554868
4       -4.331              5.462342  -8.143584 -1.649758
...        ...                   ...        ...       ...
3368     -0.64              1.243527  -2.029559  0.146031
3369    -0.835              0.986532  -1.814025 -0.007507
3370    -1.017              0.844045  -1.987522  0.126477
3371    -0.834              2.443022  -3.730371  0.453349
3372    -1.076              2.297852  -3.420239  0.046387

[8299 rows x 4 columns]
[0.76274087 0.27285942 2.87747355] 0.8402560061587186 0.34397826265047743 20.70357687306934
     Benchmark HF INTERACTION ENERGY         d3      diff
0       -3.141               15.5782 -17.008987 -1.710213
1       -5.741              8.230423 -12.458049 -1.513374
2        -5.47              4.923971  -9.003965 -1.390006
3       -4.733              5.458677  -8.636781 -1.554896
4       -4.331              5.462342  -8.143558 -1.649785
...        ...                   ...        ...       ...
3368     -0.64              1.243527  -2.029518  0.145991
3369    -0.835              0.986532  -1.814003 -0.007530
3370    -1.017              0.844045  -1.987498  0.126453
3371    -0.834              2.443022  -3.730295  0.453274
3372    -1.076              2.297852  -3.420196  0.046344

[8299 rows x 4 columns]
[0.76274087 0.27285942 2.87756906] 0.8402560372035298 0.3439519844122925 20.701539541780217
     Benchmark HF INTERACTION ENERGY         d3      diff
0       -3.141               15.5782 -17.009254 -1.709946
1       -5.741              8.230423 -12.458179 -1.513243
2        -5.47              4.923971  -9.004026 -1.389945
3       -4.733              5.458677  -8.636838 -1.554840
4       -4.331              5.462342  -8.143610 -1.649732
...        ...                   ...        ...       ...
3368     -0.64              1.243527  -2.029599  0.146072
3369    -0.835              0.986532  -1.814048 -0.007485
3370    -1.017              0.844045  -1.987546  0.126500
3371    -0.834              2.443022  -3.730447  0.453425
3372    -1.076              2.297852  -3.420282  0.046430

[8299 rows x 4 columns]
[0.76274087 0.27285942 2.87737805] 0.840256018701934 0.3440045508528741 20.705614180481113
     Benchmark HF INTERACTION ENERGY         d3      diff
0       -3.141               15.5782 -17.009120 -1.710080
1       -5.741              8.230423 -12.458114 -1.513308
2        -5.47              4.923971  -9.003996 -1.389975
3       -4.733              5.458677  -8.636809 -1.554868
4       -4.331              5.462342  -8.143584 -1.649758
...        ...                   ...        ...       ...
3368     -0.64              1.243527  -2.029559  0.146031
3369    -0.835              0.986532  -1.814025 -0.007507
3370    -1.017              0.844045  -1.987522  0.126477
3371    -0.834              2.443022  -3.730371  0.453349
3372    -1.076              2.297852  -3.420239  0.046387

[8299 rows x 4 columns]
[0.76274087 0.27285942 2.87747355] 0.8402560061587186 0.34397826265047743 20.70357687306934
     Benchmark HF INTERACTION ENERGY        d3       diff
0       -3.141               15.5782 -2.383509 -16.335691
1       -5.741              8.230423 -2.243374 -11.728049
2        -5.47              4.923971 -2.066461  -8.327510
3       -4.733              5.458677 -2.019265  -8.172412
4       -4.331              5.462342 -1.951278  -7.842064
...        ...                   ...       ...        ...
3368     -0.64              1.243527 -0.507445  -1.376082
3369    -0.835              0.986532 -0.396037  -1.425495
3370    -1.017              0.844045 -0.473139  -1.387906
3371    -0.834              2.443022 -0.629271  -2.647751
3372    -1.076              2.297852 -0.661708  -2.712144

[8299 rows x 4 columns]
[0.76274087 1.27285942 2.87747355] 4.183995295748018 2.006548542256275 132.10364871793826
